#/usr/bin/zsh

# lxc bridge-utils vlan libvirt-daemon-system libvirt-dev libvirt-clients debootstrap vde2 openvswitch-switch
# xfce4 galculator open-vm-tools-desktop terminator wireshark traceroute nmap zenmap netcat ipcalc gip etckeeper glances net-tools
#
# iputils-ping apt-file command-not-found
# perl libnet-ssleay-perl openssl libauthen-pam-perl libpam-runtime libio-pty-perl apt-show-versions python


bases=(
aptitude
bash-completion
build-essential
byobu
ccze
curl
git
gpgv2
haveged
less
linux-headers-$(uname -r)
lnav
locales-all
most
multitail
rng-tools
screen
screenfetch
sudo
tmux
unzip
vim
yadm
zip
zsh
)



echo $(echo -e "${a// /\\n}" | sort -u)
